=======================================================
VERSION 1
=======================================================
↓↓↓↓↓↓↓↓↓↓↓↓↓↓↓↓↓↓↓↓↓↓↓↓↓↓↓↓↓↓↓↓↓↓↓↓↓↓↓↓↓↓↓↓↓↓↓↓↓↓↓↓↓↓↓
=======================================================
borrow_list = [112, 235, 533, 1198, 1874, 2058, 3334]
book_list = [1180, 4893, 6285]
rating = [4, 3, 3]

[DEBUG] | REAL : 4 | PREDICT : 4.002193450927734
[DEBUG] | REAL : 3 | PREDICT : 3.79573392868042
[DEBUG] | REAL : 3 | PREDICT : 3.7653722763061523
=======================================================


=======================================================
borrow_list = [4, 11, 13, 16, 92, 106, 113]
book_list = [8034, 8855, 9762]
rating = [4, 5, 4]

[DEBUG] | REAL : 4 | PREDICT : 3.6905171871185303
[DEBUG] | REAL : 5 | PREDICT : 3.6905670166015625
[DEBUG] | REAL : 4 | PREDICT : 3.690612554550171
=======================================================


=======================================================
borrow_list = [31, 665, 3074, 3581]
book_list = [4829, 6646, 6703, 7487, 8072]
rating = [3, 4, 4, 5, 5]

[DEBUG] | REAL : 3 | PREDICT : 3.799696445465088
[DEBUG] | REAL : 4 | PREDICT : 3.7638602256774902
[DEBUG] | REAL : 4 | PREDICT : 3.763032913208008
[DEBUG] | REAL : 5 | PREDICT : 3.7529759407043457
[DEBUG] | REAL : 5 | PREDICT : 3.746833562850952
=======================================================